# JRE version: Java(TM) SE Runtime Environment (7.0_79-b15) (build 1.7.0_79-b15)
# Java VM: Java HotSpot(TM) 64-Bit Server VM (24.79-b02 mixed mode windows-amd64 compressed oops)
Heap
 PSYoungGen      total 276992K, used 149571K [0x00000000eaa80000, 0x0000000100000000, 0x0000000100000000)
  eden space 252928K, 49% used [0x00000000eaa80000,0x00000000f2514808,0x00000000fa180000)
  from space 24064K, 99% used [0x00000000fa180000,0x00000000fb8fc798,0x00000000fb900000)
  to   space 32256K, 0% used [0x00000000fe080000,0x00000000fe080000,0x0000000100000000)
 ParOldGen       total 85504K, used 39468K [0x00000000c0000000, 0x00000000c5380000, 0x00000000eaa80000)
  object space 85504K, 46% used [0x00000000c0000000,0x00000000c268b318,0x00000000c5380000)
 PSPermGen       total 42496K, used 42046K [0x00000000b0000000, 0x00000000b2980000, 0x00000000c0000000)
  object space 42496K, 98% used [0x00000000b0000000,0x00000000b290f9e0,0x00000000b2980000)
GC Heap History (10 events):
Event: 4.406 GC heap before
{Heap before GC invocations=5 (full 0):
 PSYoungGen      total 70656K, used 70628K [0x00000000eaa80000, 0x00000000ef480000, 0x0000000100000000)
  eden space 65536K, 100% used [0x00000000eaa80000,0x00000000eea80000,0x00000000eea80000)
  from space 5120K, 99% used [0x00000000eef80000,0x00000000ef479100,0x00000000ef480000)
  to   space 5120K, 0% used [0x00000000eea80000,0x00000000eea80000,0x00000000eef80000)
 ParOldGen       total 85504K, used 7850K [0x00000000c0000000, 0x00000000c5380000, 0x00000000eaa80000)
  object space 85504K, 9% used [0x00000000c0000000,0x00000000c07aa850,0x00000000c5380000)
 PSPermGen       total 21504K, used 20189K [0x00000000b0000000, 0x00000000b1500000, 0x00000000c0000000)
  object space 21504K, 93% used [0x00000000b0000000,0x00000000b13b7478,0x00000000b1500000)
Event: 4.415 GC heap after
Heap after GC invocations=5 (full 0):
 PSYoungGen      total 70656K, used 5096K [0x00000000eaa80000, 0x00000000f3d80000, 0x0000000100000000)
  eden space 65536K, 0% used [0x00000000eaa80000,0x00000000eaa80000,0x00000000eea80000)
  from space 5120K, 99% used [0x00000000eea80000,0x00000000eef7a100,0x00000000eef80000)
  to   space 9728K, 0% used [0x00000000f3400000,0x00000000f3400000,0x00000000f3d80000)
 ParOldGen       total 85504K, used 8170K [0x00000000c0000000, 0x00000000c5380000, 0x00000000eaa80000)
  object space 85504K, 9% used [0x00000000c0000000,0x00000000c07fa850,0x00000000c5380000)
 PSPermGen       total 21504K, used 20189K [0x00000000b0000000, 0x00000000b1500000, 0x00000000c0000000)
  object space 21504K, 93% used [0x00000000b0000000,0x00000000b13b7478,0x00000000b1500000)
}
Event: 5.271 GC heap before
{Heap before GC invocations=6 (full 0):
 PSYoungGen      total 70656K, used 70632K [0x00000000eaa80000, 0x00000000f3d80000, 0x0000000100000000)
  eden space 65536K, 100% used [0x00000000eaa80000,0x00000000eea80000,0x00000000eea80000)
  from space 5120K, 99% used [0x00000000eea80000,0x00000000eef7a100,0x00000000eef80000)
  to   space 9728K, 0% used [0x00000000f3400000,0x00000000f3400000,0x00000000f3d80000)
 ParOldGen       total 85504K, used 8170K [0x00000000c0000000, 0x00000000c5380000, 0x00000000eaa80000)
  object space 85504K, 9% used [0x00000000c0000000,0x00000000c07fa850,0x00000000c5380000)
 PSPermGen       total 23040K, used 22559K [0x00000000b0000000, 0x00000000b1680000, 0x00000000c0000000)
  object space 23040K, 97% used [0x00000000b0000000,0x00000000b1607e00,0x00000000b1680000)
Event: 5.284 GC heap after
Heap after GC invocations=6 (full 0):
 PSYoungGen      total 139776K, used 9000K [0x00000000eaa80000, 0x00000000f3f80000, 0x0000000100000000)
  eden space 130048K, 0% used [0x00000000eaa80000,0x00000000eaa80000,0x00000000f2980000)
  from space 9728K, 92% used [0x00000000f3400000,0x00000000f3cca310,0x00000000f3d80000)
  to   space 10752K, 0% used [0x00000000f2980000,0x00000000f2980000,0x00000000f3400000)
 ParOldGen       total 85504K, used 8170K [0x00000000c0000000, 0x00000000c5380000, 0x00000000eaa80000)
  object space 85504K, 9% used [0x00000000c0000000,0x00000000c07fa850,0x00000000c5380000)
 PSPermGen       total 23040K, used 22559K [0x00000000b0000000, 0x00000000b1680000, 0x00000000c0000000)
  object space 23040K, 97% used [0x00000000b0000000,0x00000000b1607e00,0x00000000b1680000)
}
Event: 8.891 GC heap before
{Heap before GC invocations=7 (full 0):
 PSYoungGen      total 139776K, used 139048K [0x00000000eaa80000, 0x00000000f3f80000, 0x0000000100000000)
  eden space 130048K, 100% used [0x00000000eaa80000,0x00000000f2980000,0x00000000f2980000)
  from space 9728K, 92% used [0x00000000f3400000,0x00000000f3cca310,0x00000000f3d80000)
  to   space 10752K, 0% used [0x00000000f2980000,0x00000000f2980000,0x00000000f3400000)
 ParOldGen       total 85504K, used 8170K [0x00000000c0000000, 0x00000000c5380000, 0x00000000eaa80000)
  object space 85504K, 9% used [0x00000000c0000000,0x00000000c07fa850,0x00000000c5380000)
 PSPermGen       total 31744K, used 31696K [0x00000000b0000000, 0x00000000b1f00000, 0x00000000c0000000)
  object space 31744K, 99% used [0x00000000b0000000,0x00000000b1ef4370,0x00000000b1f00000)
Event: 8.922 GC heap after
Heap after GC invocations=7 (full 0):
 PSYoungGen      total 140800K, used 10748K [0x00000000eaa80000, 0x00000000fc980000, 0x0000000100000000)
  eden space 130048K, 0% used [0x00000000eaa80000,0x00000000eaa80000,0x00000000f2980000)
  from space 10752K, 99% used [0x00000000f2980000,0x00000000f33ff048,0x00000000f3400000)
  to   space 16896K, 0% used [0x00000000fb900000,0x00000000fb900000,0x00000000fc980000)
 ParOldGen       total 85504K, used 17831K [0x00000000c0000000, 0x00000000c5380000, 0x00000000eaa80000)
  object space 85504K, 20% used [0x00000000c0000000,0x00000000c1169d08,0x00000000c5380000)
 PSPermGen       total 31744K, used 31696K [0x00000000b0000000, 0x00000000b1f00000, 0x00000000c0000000)
  object space 31744K, 99% used [0x00000000b0000000,0x00000000b1ef4370,0x00000000b1f00000)
}
Event: 12.034 GC heap before
{Heap before GC invocations=8 (full 0):
 PSYoungGen      total 140800K, used 140796K [0x00000000eaa80000, 0x00000000fc980000, 0x0000000100000000)
  eden space 130048K, 100% used [0x00000000eaa80000,0x00000000f2980000,0x00000000f2980000)
  from space 10752K, 99% used [0x00000000f2980000,0x00000000f33ff048,0x00000000f3400000)
  to   space 16896K, 0% used [0x00000000fb900000,0x00000000fb900000,0x00000000fc980000)
 ParOldGen       total 85504K, used 17831K [0x00000000c0000000, 0x00000000c5380000, 0x00000000eaa80000)
  object space 85504K, 20% used [0x00000000c0000000,0x00000000c1169d08,0x00000000c5380000)
 PSPermGen       total 37888K, used 37408K [0x00000000b0000000, 0x00000000b2500000, 0x00000000c0000000)
  object space 37888K, 98% used [0x00000000b0000000,0x00000000b2488088,0x00000000b2500000)
Event: 12.073 GC heap after
Heap after GC invocations=8 (full 0):
 PSYoungGen      total 269824K, used 16881K [0x00000000eaa80000, 0x00000000fd780000, 0x0000000100000000)
  eden space 252928K, 0% used [0x00000000eaa80000,0x00000000eaa80000,0x00000000fa180000)
  from space 16896K, 99% used [0x00000000fb900000,0x00000000fc97c778,0x00000000fc980000)
  to   space 24064K, 0% used [0x00000000fa180000,0x00000000fa180000,0x00000000fb900000)
 ParOldGen       total 85504K, used 27795K [0x00000000c0000000, 0x00000000c5380000, 0x00000000eaa80000)
  object space 85504K, 32% used [0x00000000c0000000,0x00000000c1b24d70,0x00000000c5380000)
 PSPermGen       total 37888K, used 37408K [0x00000000b0000000, 0x00000000b2500000, 0x00000000c0000000)
  object space 37888K, 98% used [0x00000000b0000000,0x00000000b2488088,0x00000000b2500000)
}
Event: 16.791 GC heap before
{Heap before GC invocations=9 (full 0):
 PSYoungGen      total 269824K, used 269809K [0x00000000eaa80000, 0x00000000fd780000, 0x0000000100000000)
  eden space 252928K, 100% used [0x00000000eaa80000,0x00000000fa180000,0x00000000fa180000)
  from space 16896K, 99% used [0x00000000fb900000,0x00000000fc97c778,0x00000000fc980000)
  to   space 24064K, 0% used [0x00000000fa180000,0x00000000fa180000,0x00000000fb900000)
 ParOldGen       total 85504K, used 27795K [0x00000000c0000000, 0x00000000c5380000, 0x00000000eaa80000)
  object space 85504K, 32% used [0x00000000c0000000,0x00000000c1b24d70,0x00000000c5380000)
 PSPermGen       total 42496K, used 42038K [0x00000000b0000000, 0x00000000b2980000, 0x00000000c0000000)
  object space 42496K, 98% used [0x00000000b0000000,0x00000000b290db58,0x00000000b2980000)
Event: 16.842 GC heap after
Heap after GC invocations=9 (full 0):
 PSYoungGen      total 276992K, used 24049K [0x00000000eaa80000, 0x0000000100000000, 0x0000000100000000)
  eden space 252928K, 0% used [0x00000000eaa80000,0x00000000eaa80000,0x00000000fa180000)
  from space 24064K, 99% used [0x00000000fa180000,0x00000000fb8fc798,0x00000000fb900000)
  to   space 32256K, 0% used [0x00000000fe080000,0x00000000fe080000,0x0000000100000000)
 ParOldGen       total 85504K, used 39468K [0x00000000c0000000, 0x00000000c5380000, 0x00000000eaa80000)
  object space 85504K, 46% used [0x00000000c0000000,0x00000000c268b318,0x00000000c5380000)
 PSPermGen       total 42496K, used 42038K [0x00000000b0000000, 0x00000000b2980000, 0x00000000c0000000)
  object space 42496K, 98% used [0x00000000b0000000,0x00000000b290db58,0x00000000b2980000)
}

